# JRE version: Java(TM) SE Runtime Environment (8.0_221-b11) (build 1.8.0_221-b11)
# Java VM: Java HotSpot(TM) 64-Bit Server VM (25.221-b11 mixed mode windows-amd64 compressed oops)
Heap:
 PSYoungGen      total 6656K, used 5920K [0x00000000eb100000, 0x00000000eb800000, 0x0000000100000000)
  eden space 6144K, 96% used [0x00000000eb100000,0x00000000eb6c82d0,0x00000000eb700000)
  from space 512K, 0% used [0x00000000eb700000,0x00000000eb700000,0x00000000eb780000)
  to   space 512K, 0% used [0x00000000eb780000,0x00000000eb780000,0x00000000eb800000)
 ParOldGen       total 5632K, used 5053K [0x00000000c1200000, 0x00000000c1780000, 0x00000000eb100000)
  object space 5632K, 89% used [0x00000000c1200000,0x00000000c16ef4d0,0x00000000c1780000)
 Metaspace       used 7523K, capacity 8308K, committed 8448K, reserved 1060864K
  class space    used 910K, capacity 944K, committed 1024K, reserved 1048576K
GC Heap History (10 events):
Event: 0.375 GC heap before
{Heap before GC invocations=2 (full 0):
 PSYoungGen      total 2048K, used 1969K [0x00000000eb100000, 0x00000000eb500000, 0x0000000100000000)
  eden space 1536K, 94% used [0x00000000eb100000,0x00000000eb26c9f0,0x00000000eb280000)
  from space 512K, 99% used [0x00000000eb280000,0x00000000eb2ffc30,0x00000000eb300000)
  to   space 512K, 0% used [0x00000000eb480000,0x00000000eb480000,0x00000000eb500000)
 ParOldGen       total 5632K, used 24K [0x00000000c1200000, 0x00000000c1780000, 0x00000000eb100000)
  object space 5632K, 0% used [0x00000000c1200000,0x00000000c1206000,0x00000000c1780000)
 Metaspace       used 3880K, capacity 5324K, committed 5504K, reserved 1056768K
  class space    used 460K, capacity 520K, committed 640K, reserved 1048576K
Event: 0.379 GC heap after
Heap after GC invocations=2 (full 0):
 PSYoungGen      total 3584K, used 512K [0x00000000eb100000, 0x00000000eb500000, 0x0000000100000000)
  eden space 3072K, 0% used [0x00000000eb100000,0x00000000eb100000,0x00000000eb400000)
  from space 512K, 100% used [0x00000000eb480000,0x00000000eb500000,0x00000000eb500000)
  to   space 512K, 0% used [0x00000000eb400000,0x00000000eb400000,0x00000000eb480000)
 ParOldGen       total 5632K, used 184K [0x00000000c1200000, 0x00000000c1780000, 0x00000000eb100000)
  object space 5632K, 3% used [0x00000000c1200000,0x00000000c122e010,0x00000000c1780000)
 Metaspace       used 3880K, capacity 5324K, committed 5504K, reserved 1056768K
  class space    used 460K, capacity 520K, committed 640K, reserved 1048576K
}
Event: 0.540 GC heap before
{Heap before GC invocations=3 (full 0):
 PSYoungGen      total 3584K, used 3584K [0x00000000eb100000, 0x00000000eb500000, 0x0000000100000000)
  eden space 3072K, 100% used [0x00000000eb100000,0x00000000eb400000,0x00000000eb400000)
  from space 512K, 100% used [0x00000000eb480000,0x00000000eb500000,0x00000000eb500000)
  to   space 512K, 0% used [0x00000000eb400000,0x00000000eb400000,0x00000000eb480000)
 ParOldGen       total 5632K, used 184K [0x00000000c1200000, 0x00000000c1780000, 0x00000000eb100000)
  object space 5632K, 3% used [0x00000000c1200000,0x00000000c122e010,0x00000000c1780000)
 Metaspace       used 4928K, capacity 6284K, committed 6656K, reserved 1056768K
  class space    used 598K, capacity 648K, committed 768K, reserved 1048576K
Event: 0.542 GC heap after
Heap after GC invocations=3 (full 0):
 PSYoungGen      total 3584K, used 480K [0x00000000eb100000, 0x00000000eb800000, 0x0000000100000000)
  eden space 3072K, 0% used [0x00000000eb100000,0x00000000eb100000,0x00000000eb400000)
  from space 512K, 93% used [0x00000000eb400000,0x00000000eb478010,0x00000000eb480000)
  to   space 512K, 0% used [0x00000000eb780000,0x00000000eb780000,0x00000000eb800000)
 ParOldGen       total 5632K, used 556K [0x00000000c1200000, 0x00000000c1780000, 0x00000000eb100000)
  object space 5632K, 9% used [0x00000000c1200000,0x00000000c128b020,0x00000000c1780000)
 Metaspace       used 4928K, capacity 6284K, committed 6656K, reserved 1056768K
  class space    used 598K, capacity 648K, committed 768K, reserved 1048576K
}
Event: 0.715 GC heap before
{Heap before GC invocations=4 (full 0):
 PSYoungGen      total 3584K, used 3495K [0x00000000eb100000, 0x00000000eb800000, 0x0000000100000000)
  eden space 3072K, 98% used [0x00000000eb100000,0x00000000eb3f1e10,0x00000000eb400000)
  from space 512K, 93% used [0x00000000eb400000,0x00000000eb478010,0x00000000eb480000)
  to   space 512K, 0% used [0x00000000eb780000,0x00000000eb780000,0x00000000eb800000)
 ParOldGen       total 5632K, used 556K [0x00000000c1200000, 0x00000000c1780000, 0x00000000eb100000)
  object space 5632K, 9% used [0x00000000c1200000,0x00000000c128b020,0x00000000c1780000)
 Metaspace       used 5954K, capacity 7244K, committed 7552K, reserved 1056768K
  class space    used 745K, capacity 776K, committed 896K, reserved 1048576K
Event: 0.717 GC heap after
Heap after GC invocations=4 (full 0):
 PSYoungGen      total 6656K, used 511K [0x00000000eb100000, 0x00000000eb800000, 0x0000000100000000)
  eden space 6144K, 0% used [0x00000000eb100000,0x00000000eb100000,0x00000000eb700000)
  from space 512K, 99% used [0x00000000eb780000,0x00000000eb7ffc20,0x00000000eb800000)
  to   space 512K, 0% used [0x00000000eb700000,0x00000000eb700000,0x00000000eb780000)
 ParOldGen       total 5632K, used 929K [0x00000000c1200000, 0x00000000c1780000, 0x00000000eb100000)
  object space 5632K, 16% used [0x00000000c1200000,0x00000000c12e8590,0x00000000c1780000)
 Metaspace       used 5954K, capacity 7244K, committed 7552K, reserved 1056768K
  class space    used 745K, capacity 776K, committed 896K, reserved 1048576K
}
Event: 1.040 GC heap before
{Heap before GC invocations=5 (full 0):
 PSYoungGen      total 6656K, used 6655K [0x00000000eb100000, 0x00000000eb800000, 0x0000000100000000)
  eden space 6144K, 100% used [0x00000000eb100000,0x00000000eb700000,0x00000000eb700000)
  from space 512K, 99% used [0x00000000eb780000,0x00000000eb7ffc20,0x00000000eb800000)
  to   space 512K, 0% used [0x00000000eb700000,0x00000000eb700000,0x00000000eb780000)
 ParOldGen       total 5632K, used 929K [0x00000000c1200000, 0x00000000c1780000, 0x00000000eb100000)
  object space 5632K, 16% used [0x00000000c1200000,0x00000000c12e8590,0x00000000c1780000)
 Metaspace       used 7133K, capacity 8052K, committed 8320K, reserved 1056768K
  class space    used 870K, capacity 880K, committed 896K, reserved 1048576K
Event: 1.050 GC heap after
Heap after GC invocations=5 (full 0):
 PSYoungGen      total 6656K, used 480K [0x00000000eb100000, 0x00000000eb800000, 0x0000000100000000)
  eden space 6144K, 0% used [0x00000000eb100000,0x00000000eb100000,0x00000000eb700000)
  from space 512K, 93% used [0x00000000eb700000,0x00000000eb778010,0x00000000eb780000)
  to   space 512K, 0% used [0x00000000eb780000,0x00000000eb780000,0x00000000eb800000)
 ParOldGen       total 5632K, used 4728K [0x00000000c1200000, 0x00000000c1780000, 0x00000000eb100000)
  object space 5632K, 83% used [0x00000000c1200000,0x00000000c169e070,0x00000000c1780000)
 Metaspace       used 7133K, capacity 8052K, committed 8320K, reserved 1056768K
  class space    used 870K, capacity 880K, committed 896K, reserved 1048576K
}
Event: 1.051 GC heap before
{Heap before GC invocations=6 (full 1):
 PSYoungGen      total 6656K, used 480K [0x00000000eb100000, 0x00000000eb800000, 0x0000000100000000)
  eden space 6144K, 0% used [0x00000000eb100000,0x00000000eb100000,0x00000000eb700000)
  from space 512K, 93% used [0x00000000eb700000,0x00000000eb778010,0x00000000eb780000)
  to   space 512K, 0% used [0x00000000eb780000,0x00000000eb780000,0x00000000eb800000)
 ParOldGen       total 5632K, used 4728K [0x00000000c1200000, 0x00000000c1780000, 0x00000000eb100000)
  object space 5632K, 83% used [0x00000000c1200000,0x00000000c169e070,0x00000000c1780000)
 Metaspace       used 7133K, capacity 8052K, committed 8320K, reserved 1056768K
  class space    used 870K, capacity 880K, committed 896K, reserved 1048576K
Event: 1.107 GC heap after
Heap after GC invocations=6 (full 1):
 PSYoungGen      total 6656K, used 0K [0x00000000eb100000, 0x00000000eb800000, 0x0000000100000000)
  eden space 6144K, 0% used [0x00000000eb100000,0x00000000eb100000,0x00000000eb700000)
  from space 512K, 0% used [0x00000000eb700000,0x00000000eb700000,0x00000000eb780000)
  to   space 512K, 0% used [0x00000000eb780000,0x00000000eb780000,0x00000000eb800000)
 ParOldGen       total 5632K, used 5053K [0x00000000c1200000, 0x00000000c1780000, 0x00000000eb100000)
  object space 5632K, 89% used [0x00000000c1200000,0x00000000c16ef4d0,0x00000000c1780000)
 Metaspace       used 7133K, capacity 8052K, committed 8320K, reserved 1056768K
  class space    used 870K, capacity 880K, committed 896K, reserved 1048576K
}

